c:\users\kaosu\source\repos\kaosu7201\alicegame\alicelibrary\debug\alicelibrary.pdb
c:\users\kaosu\source\repos\kaosu7201\alicegame\alicelibrary\debug\alicelibrary.idb
c:\users\kaosu\source\repos\kaosu7201\alicegame\alicelibrary\debug\libsoundstorage_ogg.obj
c:\users\kaosu\source\repos\kaosu7201\alicegame\alicelibrary\debug\libsoundstorage.obj
c:\users\kaosu\source\repos\kaosu7201\alicegame\alicelibrary\debug\libsoundplayer.obj
c:\users\kaosu\source\repos\kaosu7201\alicegame\alicelibrary\debug\libsoundbuffer.obj
c:\users\kaosu\source\repos\kaosu7201\alicegame\alicelibrary\debug\libsound.obj
c:\users\kaosu\source\repos\kaosu7201\alicegame\alicelibrary\debug\mousedevice.obj
c:\users\kaosu\source\repos\kaosu7201\alicegame\alicelibrary\debug\keyboarddevice.obj
c:\users\kaosu\source\repos\kaosu7201\alicegame\alicelibrary\debug\inputdevice.obj
c:\users\kaosu\source\repos\kaosu7201\alicegame\alicelibrary\debug\filenames.obj
c:\users\kaosu\source\repos\kaosu7201\alicegame\alicelibrary\debug\dxshader.obj
c:\users\kaosu\source\repos\kaosu7201\alicegame\alicelibrary\debug\dxinput.obj
c:\users\kaosu\source\repos\kaosu7201\alicegame\alicelibrary\debug\dxdevice.obj
c:\users\kaosu\source\repos\kaosu7201\alicegame\alicelibrary\debug\directx.obj
c:\users\kaosu\source\repos\kaosu7201\alicegame\alicelibrary\debug\rectanglecollision.obj
c:\users\kaosu\source\repos\kaosu7201\alicegame\alicelibrary\debug\collisionshape.obj
c:\users\kaosu\source\repos\kaosu7201\alicegame\alicelibrary\debug\collision.obj
c:\users\kaosu\source\repos\kaosu7201\alicegame\alicelibrary\debug\circlecollision.obj
c:\users\kaosu\source\repos\kaosu7201\alicegame\alicelibrary\debug\sprite.obj
c:\users\kaosu\source\repos\kaosu7201\alicegame\alicelibrary\debug\dxtexture.obj
c:\users\kaosu\source\repos\kaosu7201\alicegame\alicelibrary\debug\dxtexpack.obj
c:\users\kaosu\source\repos\kaosu7201\alicegame\alicelibrary\debug\libtexpack.obj
c:\users\kaosu\source\repos\kaosu7201\alicegame\alicelibrary\debug\spriteanimation.obj
c:\users\kaosu\source\repos\kaosu7201\alicegame\alicelibrary\debug\modeserver.obj
c:\users\kaosu\source\repos\kaosu7201\alicegame\alicelibrary\debug\libsoundutil.obj
c:\users\kaosu\source\repos\kaosu7201\alicegame\alicelibrary\debug\libsoundstorage_wav.obj
c:\users\kaosu\source\repos\kaosu7201\alicegame\alicelibrary\debug\alicelibrary.tlog\cl.command.1.tlog
c:\users\kaosu\source\repos\kaosu7201\alicegame\alicelibrary\debug\alicelibrary.tlog\cl.read.1.tlog
c:\users\kaosu\source\repos\kaosu7201\alicegame\alicelibrary\debug\alicelibrary.tlog\cl.write.1.tlog
