  ApplicationMain.cpp
c:\program files (x86)\microsoft directx 9.0 sdk (december 2004)\include\d3d9types.h(1384): warning C4819: ファイルは、現在のコード ページ (932) で表示できない文字を含んでいます。データの損失を防ぐために、ファイルを Unicode 形式で保存してください。
  c:\program files (x86)\microsoft directx 9.0 sdk (december 2004)\include\dinput.h: DIRECTINPUT_VERSION undefined. Defaulting to version 0x0800
c:\users\amg\source\repos\kaosu7201\alicegame\alicelibrary\source\lua\lua.h(45): warning C4244: '引数': 'lua_Number' から '_Ty' への変換です。データが失われる可能性があります。
          with
          [
              _Ty=int
          ]
  Enemy.cpp
c:\program files (x86)\microsoft directx 9.0 sdk (december 2004)\include\d3d9types.h(1384): warning C4819: ファイルは、現在のコード ページ (932) で表示できない文字を含んでいます。データの損失を防ぐために、ファイルを Unicode 形式で保存してください。
  c:\program files (x86)\microsoft directx 9.0 sdk (december 2004)\include\dinput.h: DIRECTINPUT_VERSION undefined. Defaulting to version 0x0800
c:\users\amg\source\repos\kaosu7201\alicegame\alicelibrary\source\lua\lua.h(45): warning C4244: '引数': 'lua_Number' から '_Ty' への変換です。データが失われる可能性があります。
          with
          [
              _Ty=int
          ]
  Map.cpp
c:\program files (x86)\microsoft directx 9.0 sdk (december 2004)\include\d3d9types.h(1384): warning C4819: ファイルは、現在のコード ページ (932) で表示できない文字を含んでいます。データの損失を防ぐために、ファイルを Unicode 形式で保存してください。
  c:\program files (x86)\microsoft directx 9.0 sdk (december 2004)\include\dinput.h: DIRECTINPUT_VERSION undefined. Defaulting to version 0x0800
c:\users\amg\source\repos\kaosu7201\alicegame\exeproject\source\map.h(15): warning C4018: '<': signed と unsigned の数値を比較しようとしました。
c:\users\amg\source\repos\kaosu7201\alicegame\alicelibrary\source\lua\lua.h(45): warning C4244: '引数': 'lua_Number' から '_Ty' への変換です。データが失われる可能性があります。
          with
          [
              _Ty=int
          ]
c:\users\amg\source\repos\kaosu7201\alicegame\exeproject\source\map.cpp(11): warning C4244: '=': 'int' から 'FLOAT' への変換です。データが失われる可能性があります。
c:\users\amg\source\repos\kaosu7201\alicegame\exeproject\source\map.cpp(12): warning C4244: '=': 'int' から 'FLOAT' への変換です。データが失われる可能性があります。
c:\users\amg\source\repos\kaosu7201\alicegame\exeproject\source\map.cpp(42): warning C4244: '=': 'lua_Number' から 'int' への変換です。データが失われる可能性があります。
c:\users\amg\source\repos\kaosu7201\alicegame\exeproject\source\map.cpp(45): warning C4244: '=': 'lua_Number' から 'int' への変換です。データが失われる可能性があります。
c:\users\amg\source\repos\kaosu7201\alicegame\exeproject\source\map.cpp(46): warning C4244: '引数': 'int' から 'FLOAT' への変換です。データが失われる可能性があります。
c:\users\amg\source\repos\kaosu7201\alicegame\exeproject\source\map.cpp(81): warning C4018: '<': signed と unsigned の数値を比較しようとしました。
c:\users\amg\source\repos\kaosu7201\alicegame\exeproject\source\map.cpp(108): warning C4244: '引数': 'int' から 'FLOAT' への変換です。データが失われる可能性があります。
c:\users\amg\source\repos\kaosu7201\alicegame\exeproject\source\map.cpp(114): warning C4244: '引数': 'int' から 'float' への変換です。データが失われる可能性があります。
c:\users\amg\source\repos\kaosu7201\alicegame\exeproject\source\map.cpp(125): warning C4018: '<': signed と unsigned の数値を比較しようとしました。
  ModeGame.cpp
c:\program files (x86)\microsoft directx 9.0 sdk (december 2004)\include\d3d9types.h(1384): warning C4819: ファイルは、現在のコード ページ (932) で表示できない文字を含んでいます。データの損失を防ぐために、ファイルを Unicode 形式で保存してください。
  c:\program files (x86)\microsoft directx 9.0 sdk (december 2004)\include\dinput.h: DIRECTINPUT_VERSION undefined. Defaulting to version 0x0800
c:\users\amg\source\repos\kaosu7201\alicegame\alicelibrary\source\lua\lua.h(45): warning C4244: '引数': 'lua_Number' から '_Ty' への変換です。データが失われる可能性があります。
          with
          [
              _Ty=int
          ]
  ModeTitle.cpp
c:\program files (x86)\microsoft directx 9.0 sdk (december 2004)\include\d3d9types.h(1384): warning C4819: ファイルは、現在のコード ページ (932) で表示できない文字を含んでいます。データの損失を防ぐために、ファイルを Unicode 形式で保存してください。
  c:\program files (x86)\microsoft directx 9.0 sdk (december 2004)\include\dinput.h: DIRECTINPUT_VERSION undefined. Defaulting to version 0x0800
c:\users\amg\source\repos\kaosu7201\alicegame\alicelibrary\source\lua\lua.h(45): warning C4244: '引数': 'lua_Number' から '_Ty' への変換です。データが失われる可能性があります。
          with
          [
              _Ty=int
          ]
c:\users\amg\source\repos\kaosu7201\alicegame\exeproject\source\map.h(15): warning C4018: '<': signed と unsigned の数値を比較しようとしました。
  Player.cpp
c:\program files (x86)\microsoft directx 9.0 sdk (december 2004)\include\d3d9types.h(1384): warning C4819: ファイルは、現在のコード ページ (932) で表示できない文字を含んでいます。データの損失を防ぐために、ファイルを Unicode 形式で保存してください。
  c:\program files (x86)\microsoft directx 9.0 sdk (december 2004)\include\dinput.h: DIRECTINPUT_VERSION undefined. Defaulting to version 0x0800
c:\users\amg\source\repos\kaosu7201\alicegame\alicelibrary\source\lua\lua.h(45): warning C4244: '引数': 'lua_Number' から '_Ty' への変換です。データが失われる可能性があります。
          with
          [
              _Ty=int
          ]
c:\users\amg\source\repos\kaosu7201\alicegame\exeproject\source\map.h(15): warning C4018: '<': signed と unsigned の数値を比較しようとしました。
  コードを生成中...
  exeProject.vcxproj -> C:\Users\amg\source\repos\kaosu7201\AliceGame\Debug\exeProject.exe
