d:\mygame\exeproject\debug\vc141.pdb
d:\mygame\exeproject\debug\vc141.idb
d:\mygame\exeproject\debug\libtexpack.obj
d:\mygame\exeproject\debug\winmain.obj
d:\mygame\exeproject\debug\dxmain.obj
d:\mygame\exeproject\debug\dxappmain.obj
d:\mygame\exeproject\debug\modetitle.obj
d:\mygame\exeproject\debug\applicationmain.obj
d:\mygame\exeproject\debug\modegame.obj
d:\mygame\exeproject\debug\taskmain.obj
d:\mygame\exeproject\debug\player.obj
d:\mygame\exeproject\debug\createobject.obj
d:\mygame\exeproject\debug\bullet.obj
d:\mygame\exeproject\debug\playerbullet.obj
d:\mygame\exeproject\debug\enemy.obj
c:\users\amg\source\repos\kaosu7201\alicegame\exeproject\debug\vc141.pdb
c:\users\amg\source\repos\kaosu7201\alicegame\exeproject\debug\vc141.idb
c:\users\amg\source\repos\kaosu7201\alicegame\exeproject\debug\playerbullet.obj
c:\users\amg\source\repos\kaosu7201\alicegame\exeproject\debug\player.obj
c:\users\amg\source\repos\kaosu7201\alicegame\exeproject\debug\modetitle.obj
c:\users\amg\source\repos\kaosu7201\alicegame\exeproject\debug\modegame.obj
c:\users\amg\source\repos\kaosu7201\alicegame\exeproject\debug\enemy.obj
c:\users\amg\source\repos\kaosu7201\alicegame\exeproject\debug\bullet.obj
c:\users\amg\source\repos\kaosu7201\alicegame\exeproject\debug\applicationmain.obj
d:\mygame\debug\exeproject.ilk
d:\mygame\debug\exeproject.exe
d:\mygame\debug\exeproject.pdb
c:\users\amg\source\repos\kaosu7201\alicegame\debug\exeproject.exe
c:\users\amg\source\repos\kaosu7201\alicegame\debug\exeproject.ilk
c:\users\amg\source\repos\kaosu7201\alicegame\debug\exeproject.pdb
c:\users\amg\source\repos\kaosu7201\alicegame\exeproject\debug\applicationmain.nativecodeanalysis.xml
c:\users\amg\source\repos\kaosu7201\alicegame\exeproject\debug\bullet.nativecodeanalysis.xml
c:\users\amg\source\repos\kaosu7201\alicegame\exeproject\debug\enemy.nativecodeanalysis.xml
c:\users\amg\source\repos\kaosu7201\alicegame\exeproject\debug\modegame.nativecodeanalysis.xml
c:\users\amg\source\repos\kaosu7201\alicegame\exeproject\debug\modetitle.nativecodeanalysis.xml
c:\users\amg\source\repos\kaosu7201\alicegame\exeproject\debug\playerbullet.nativecodeanalysis.xml
c:\users\amg\source\repos\kaosu7201\alicegame\exeproject\debug\exeproject.tlog\cl.command.1.tlog
c:\users\amg\source\repos\kaosu7201\alicegame\exeproject\debug\exeproject.tlog\cl.read.1.tlog
c:\users\amg\source\repos\kaosu7201\alicegame\exeproject\debug\exeproject.tlog\cl.write.1.tlog
c:\users\amg\source\repos\kaosu7201\alicegame\exeproject\debug\exeproject.tlog\fxc.command.1.tlog
c:\users\amg\source\repos\kaosu7201\alicegame\exeproject\debug\exeproject.tlog\fxc.read.1.tlog
c:\users\amg\source\repos\kaosu7201\alicegame\exeproject\debug\exeproject.tlog\link.command.1.tlog
c:\users\amg\source\repos\kaosu7201\alicegame\exeproject\debug\exeproject.tlog\link.read.1.tlog
c:\users\amg\source\repos\kaosu7201\alicegame\exeproject\debug\exeproject.tlog\link.write.1.tlog
